{"contracts/Mocks/VRFCoordinatorV2Mock.sol":{"l":{},"path":"/Users/dr.shrutijain/Documents/blockchain_dev_eth/PAlpha_C_Blockchain/Hardhat-smartContract-lottery/contracts/Mocks/VRFCoordinatorV2Mock.sol","s":{},"b":{},"f":{},"fnMap":{},"statementMap":{},"branchMap":{}},"contracts/Raffle.sol":{"l":{"72":3,"73":3,"74":3,"75":3,"76":3,"77":3,"78":3,"79":3,"83":5,"84":1,"86":4,"87":1,"89":3,"90":3,"111":1,"112":1,"113":1,"114":1,"115":1,"127":1,"128":1,"129":0,"135":1,"136":1,"143":1,"152":0,"153":0,"154":0,"155":0,"156":0,"157":0,"158":0,"159":0,"160":0,"162":0,"167":6,"171":1,"175":0,"179":1,"183":0,"188":0,"192":0,"196":0,"200":6,"204":0},"path":"/Users/dr.shrutijain/Documents/blockchain_dev_eth/PAlpha_C_Blockchain/Hardhat-smartContract-lottery/contracts/Raffle.sol","s":{"1":3,"2":3,"3":3,"4":3,"5":3,"6":3,"7":3,"8":3,"9":5,"10":4,"11":3,"12":3,"13":1,"14":1,"15":1,"16":1,"17":1,"18":1,"19":1,"20":1,"21":1,"22":1,"23":0,"24":0,"25":0,"26":0,"27":0,"28":0,"29":0,"30":0,"31":0,"32":6,"33":1,"34":0,"35":1,"36":0,"37":0,"38":0,"39":0,"40":6,"41":0},"b":{"1":[1,4],"2":[1,3],"3":[0,1],"4":[0,0]},"f":{"1":3,"2":5,"3":1,"4":1,"5":0,"6":6,"7":1,"8":0,"9":1,"10":0,"11":0,"12":0,"13":0,"14":6,"15":0},"fnMap":{"1":{"name":"constructor","line":70,"loc":{"start":{"line":62,"column":4},"end":{"line":80,"column":4}}},"2":{"name":"enterRaffle","line":82,"loc":{"start":{"line":82,"column":4},"end":{"line":91,"column":4}}},"3":{"name":"checkUpkeep","line":102,"loc":{"start":{"line":102,"column":4},"end":{"line":116,"column":4}}},"4":{"name":"performUpkeep","line":119,"loc":{"start":{"line":119,"column":4},"end":{"line":144,"column":4}}},"5":{"name":"fulfillRandomWords","line":146,"loc":{"start":{"line":146,"column":4},"end":{"line":163,"column":4}}},"6":{"name":"getEntranceFee","line":166,"loc":{"start":{"line":166,"column":4},"end":{"line":168,"column":4}}},"7":{"name":"getPlayers","line":170,"loc":{"start":{"line":170,"column":4},"end":{"line":172,"column":4}}},"8":{"name":"getRecentWinner","line":174,"loc":{"start":{"line":174,"column":4},"end":{"line":176,"column":4}}},"9":{"name":"getRaffleState","line":178,"loc":{"start":{"line":178,"column":4},"end":{"line":180,"column":4}}},"10":{"name":"getNumWords","line":182,"loc":{"start":{"line":182,"column":4},"end":{"line":184,"column":4}}},"11":{"name":"getNumberOfPlayers","line":187,"loc":{"start":{"line":187,"column":4},"end":{"line":189,"column":4}}},"12":{"name":"getLatestTimestamp","line":191,"loc":{"start":{"line":191,"column":4},"end":{"line":193,"column":4}}},"13":{"name":"getRequestConfirmations","line":195,"loc":{"start":{"line":195,"column":4},"end":{"line":197,"column":4}}},"14":{"name":"getInterval","line":199,"loc":{"start":{"line":199,"column":4},"end":{"line":201,"column":4}}},"15":{"name":"getSubscriptionId","line":203,"loc":{"start":{"line":203,"column":4},"end":{"line":205,"column":4}}}},"statementMap":{"1":{"start":{"line":72,"column":8},"end":{"line":72,"column":34}},"2":{"start":{"line":73,"column":8},"end":{"line":73,"column":70}},"3":{"start":{"line":74,"column":8},"end":{"line":74,"column":26}},"4":{"start":{"line":75,"column":8},"end":{"line":75,"column":40}},"5":{"start":{"line":76,"column":8},"end":{"line":76,"column":44}},"6":{"start":{"line":77,"column":8},"end":{"line":77,"column":39}},"7":{"start":{"line":78,"column":8},"end":{"line":78,"column":40}},"8":{"start":{"line":79,"column":8},"end":{"line":79,"column":28}},"9":{"start":{"line":83,"column":8},"end":{"line":83,"column":2598}},"10":{"start":{"line":86,"column":8},"end":{"line":86,"column":2699}},"11":{"start":{"line":89,"column":8},"end":{"line":89,"column":42}},"12":{"start":{"line":90,"column":8},"end":{"line":90,"column":36}},"13":{"start":{"line":111,"column":12},"end":{"line":111,"column":64}},"14":{"start":{"line":112,"column":12},"end":{"line":112,"column":84}},"15":{"start":{"line":113,"column":12},"end":{"line":113,"column":56}},"16":{"start":{"line":114,"column":12},"end":{"line":114,"column":59}},"17":{"start":{"line":115,"column":12},"end":{"line":115,"column":78}},"18":{"start":{"line":127,"column":8},"end":{"line":127,"column":48}},"19":{"start":{"line":128,"column":8},"end":{"line":128,"column":4142}},"20":{"start":{"line":135,"column":8},"end":{"line":135,"column":46}},"21":{"start":{"line":136,"column":8},"end":{"line":136,"column":4408}},"22":{"start":{"line":143,"column":8},"end":{"line":143,"column":46}},"23":{"start":{"line":152,"column":8},"end":{"line":152,"column":68}},"24":{"start":{"line":153,"column":8},"end":{"line":153,"column":64}},"25":{"start":{"line":154,"column":8},"end":{"line":154,"column":36}},"26":{"start":{"line":155,"column":8},"end":{"line":155,"column":39}},"27":{"start":{"line":156,"column":8},"end":{"line":156,"column":44}},"28":{"start":{"line":157,"column":8},"end":{"line":157,"column":40}},"29":{"start":{"line":158,"column":8},"end":{"line":158,"column":78}},"30":{"start":{"line":159,"column":8},"end":{"line":159,"column":5229}},"31":{"start":{"line":162,"column":8},"end":{"line":162,"column":40}},"32":{"start":{"line":167,"column":8},"end":{"line":167,"column":29}},"33":{"start":{"line":171,"column":8},"end":{"line":171,"column":31}},"34":{"start":{"line":175,"column":8},"end":{"line":175,"column":30}},"35":{"start":{"line":179,"column":8},"end":{"line":179,"column":29}},"36":{"start":{"line":183,"column":8},"end":{"line":183,"column":24}},"37":{"start":{"line":188,"column":8},"end":{"line":188,"column":32}},"38":{"start":{"line":192,"column":8},"end":{"line":192,"column":31}},"39":{"start":{"line":196,"column":8},"end":{"line":196,"column":37}},"40":{"start":{"line":200,"column":8},"end":{"line":200,"column":26}},"41":{"start":{"line":204,"column":8},"end":{"line":204,"column":32}}},"branchMap":{"1":{"line":83,"type":"if","locations":[{"start":{"line":83,"column":8},"end":{"line":83,"column":8}},{"start":{"line":83,"column":8},"end":{"line":83,"column":8}}]},"2":{"line":86,"type":"if","locations":[{"start":{"line":86,"column":8},"end":{"line":86,"column":8}},{"start":{"line":86,"column":8},"end":{"line":86,"column":8}}]},"3":{"line":128,"type":"if","locations":[{"start":{"line":128,"column":8},"end":{"line":128,"column":8}},{"start":{"line":128,"column":8},"end":{"line":128,"column":8}}]},"4":{"line":159,"type":"if","locations":[{"start":{"line":159,"column":8},"end":{"line":159,"column":8}},{"start":{"line":159,"column":8},"end":{"line":159,"column":8}}]}}}}
